2020-03-06 14:36:23
start -- Server.cc:95
2020-03-06 14:37:27
accept fd=13 -- Server.cc:65
2020-03-06 14:37:27
accept fd=14 -- Server.cc:65
2020-03-06 14:37:28
accept fd=15 -- Server.cc:65
2020-03-06 14:37:48
delete fd=14 -- Reactor/Channel.cc:42
2020-03-06 14:37:48
delete fd=15 -- Reactor/Channel.cc:42
2020-03-06 14:37:55
delete fd=13 -- Reactor/Channel.cc:42
2020-03-06 14:37:55
accept fd=13 -- Server.cc:65
2020-03-06 14:38:08
delete fd=13 -- Reactor/Channel.cc:42
2020-03-06 14:38:08
accept fd=13 -- Server.cc:65
2020-03-06 14:38:28
accept fd=14 -- Server.cc:65
2020-03-06 14:39:18
start -- Server.cc:95
2020-03-06 14:39:29
accept fd=15 -- Server.cc:65
2020-03-06 14:39:29
ssl handshake error -- Server.cc:54
2020-03-06 14:39:29
delete fd=15 -- Reactor/Channel.cc:42
2020-03-06 14:39:29
accept fd=15 -- Server.cc:65
2020-03-06 14:39:29
ssl handshake error -- Server.cc:54
2020-03-06 14:39:29
delete fd=15 -- Reactor/Channel.cc:42
2020-03-06 14:39:34
accept fd=15 -- Server.cc:65
2020-03-06 14:39:34
ssl handshake error -- Server.cc:54
2020-03-06 14:39:34
delete fd=15 -- Reactor/Channel.cc:42
2020-03-06 14:39:42
accept fd=15 -- Server.cc:65
2020-03-06 14:39:42
accept fd=16 -- Server.cc:65
2020-03-06 14:39:42
ssl handshake error -- Server.cc:54
2020-03-06 14:39:42
ssl handshake error -- Server.cc:54
2020-03-06 14:39:42
delete fd=15 -- Reactor/Channel.cc:42
2020-03-06 14:39:42
delete fd=16 -- Reactor/Channel.cc:42
2020-03-06 14:39:42
accept fd=15 -- Server.cc:65
2020-03-06 14:39:42
ssl handshake error -- Server.cc:54
2020-03-06 14:39:42
delete fd=15 -- Reactor/Channel.cc:42
2020-03-06 14:39:54
accept fd=15 -- Server.cc:65
2020-03-06 14:39:54
accept fd=16 -- Server.cc:65
2020-03-06 14:39:54
ssl handshake error -- Server.cc:54
2020-03-06 14:39:54
delete fd=15 -- Reactor/Channel.cc:42
2020-03-06 14:39:54
ssl handshake error -- Server.cc:54
2020-03-06 14:39:54
delete fd=16 -- Reactor/Channel.cc:42
2020-03-06 14:39:54
accept fd=15 -- Server.cc:65
2020-03-06 14:39:54
ssl handshake error -- Server.cc:54
2020-03-06 14:39:54
delete fd=15 -- Reactor/Channel.cc:42
2020-03-06 14:39:54
accept fd=15 -- Server.cc:65
2020-03-06 14:39:54
delete fd=15 -- Reactor/Channel.cc:42
2020-03-06 14:39:55
accept fd=15 -- Server.cc:65
2020-03-06 14:39:55
accept fd=16 -- Server.cc:65
2020-03-06 14:39:55
ssl handshake error -- Server.cc:54
2020-03-06 14:39:55
delete fd=16 -- Reactor/Channel.cc:42
2020-03-06 14:41:42
delete fd=15 -- Reactor/Channel.cc:42
2020-03-06 15:58:22
start -- /mnt/d/Users/12037/Desktop/HTTP+EPOLL+THPOLL/Webserver-master/CMAKEV/Server.cc:95
2020-03-06 15:58:28
accept fd=13 -- /mnt/d/Users/12037/Desktop/HTTP+EPOLL+THPOLL/Webserver-master/CMAKEV/Server.cc:65
2020-03-06 15:58:28
accept fd=14 -- /mnt/d/Users/12037/Desktop/HTTP+EPOLL+THPOLL/Webserver-master/CMAKEV/Server.cc:65
2020-03-06 15:58:28
accept fd=15 -- /mnt/d/Users/12037/Desktop/HTTP+EPOLL+THPOLL/Webserver-master/CMAKEV/Server.cc:65
2020-03-06 15:58:42
delete fd=14 -- /mnt/d/Users/12037/Desktop/HTTP+EPOLL+THPOLL/Webserver-master/CMAKEV/Reactor/Channel.cc:42
2020-03-06 15:58:42
delete fd=15 -- /mnt/d/Users/12037/Desktop/HTTP+EPOLL+THPOLL/Webserver-master/CMAKEV/Reactor/Channel.cc:42
2020-03-06 16:11:06
start -- /mnt/d/Users/12037/Desktop/HTTP+EPOLL+THPOLL/Webserver-master/CMAKEV/Server.cc:95
2020-03-06 17:07:24
[1;32m[INFO ][0;39m [:4-start] start
2020-03-06 17:12:43 [1;32m[INFO ][0;39m [:4-start] start
2020-03-06 17:14:54 [1;32m[INFO ][0;39m [:-handleconn] accept fd=13
2020-03-06 17:14:54 [1;32m[INFO ][0;39m [:-handleconn] accept fd=14
2020-03-06 17:14:54 [1;32m[INFO ][0;39m [:139263488-handleconn] accept fd=15
2020-03-06 17:15:09 [1;32m[INFO ][0;39m [:-~Channel] delete fd=14
2020-03-06 17:15:09 [1;32m[INFO ][0;39m [:139495968-~Channel] delete fd=15
2020-03-06 17:20:20 [1;32m[INFO ][0;39m [:-~Channel] delete fd=13
2020-03-06 17:40:32 [1;32m[INFO ][0;39m [:4-start] start
2020-03-06 17:53:25 [1;32m[INFO ][0;39m [/mnt/d/Users/12037/Desktop/HTTP+EPOLL+THPOLL/Webserver-master/CMAKEV/Server.cc:95-start] start
2020-03-06 17:55:12 [1;32m[INFO ][0;39m [/mnt/d/Users/12037/Desktop/HTTP+EPOLL+THPOLL/Webserver-master/CMAKEV/Server.cc:95-start] start
2020-03-06 17:55:56 [1;32m[INFO ][0;39m [/mnt/d/Users/12037/Desktop/HTTP+EPOLL+THPOLL/Webserver-master/CMAKEV/Server.cc:65-handleconn] accept fd=13
2020-03-06 17:55:56 [1;32m[INFO ][0;39m [/mnt/d/Users/12037/Desktop/HTTP+EPOLL+THPOLL/Webserver-master/CMAKEV/Server.cc:65-handleconn] accept fd=14
2020-03-06 17:55:56 [1;32m[INFO ][0;39m [/mnt/d/Users/12037/Desktop/HTTP+EPOLL+THPOLL/Webserver-master/CMAKEV/Server.cc:65-handleconn] accept fd=15
